{
  "RSpec": {
    "coverage": {
      "/Users/student/Documents/Projects/Week6/makersbnb-1/MakersBnB/app.rb": [
        1,
        1,
        1,
        1,
        1,
        null,
        null,
        1,
        1,
        1,
        null,
        1,
        25,
        null,
        null,
        1,
        14,
        null,
        null,
        1,
        9,
        9,
        1,
        1,
        null,
        8,
        null,
        null,
        null,
        1,
        11,
        11,
        null,
        1,
        1,
        null,
        1,
        1,
        null,
        0,
        0,
        null,
        9,
        null,
        null,
        null,
        1,
        4,
        4,
        4,
        4,
        4,
        null,
        null,
        1,
        13,
        13,
        13,
        13,
        null,
        null,
        1,
        2,
        2,
        2,
        2,
        2,
        null,
        null,
        1,
        1,
        1,
        1,
        1,
        1,
        0,
        0,
        0,
        null,
        null,
        1,
        1,
        null,
        null,
        1,
        3,
        null,
        null,
        1,
        1,
        1,
        1,
        1,
        null,
        null,
        1,
        0,
        0,
        0,
        0,
        null,
        null,
        1,
        3,
        3,
        3,
        0,
        0,
        null,
        3,
        null,
        null,
        1,
        null
      ],
      "/Users/student/Documents/Projects/Week6/makersbnb-1/MakersBnB/lib/property.rb": [
        1,
        1,
        null,
        1,
        null,
        1,
        null,
        1,
        null,
        null,
        null,
        null,
        null,
        null,
        null,
        null,
        null,
        null,
        20,
        20,
        20,
        20,
        20,
        20,
        20,
        20,
        20,
        null,
        null,
        1,
        16,
        16,
        16,
        16,
        11,
        null,
        null,
        null,
        null,
        null,
        null,
        null,
        null,
        null,
        null,
        null,
        16,
        null,
        null,
        1,
        4,
        4,
        4,
        4,
        4,
        null,
        null,
        null,
        null,
        null,
        null,
        null,
        null,
        null,
        null,
        null,
        4,
        null,
        null,
        null,
        1,
        null,
        null,
        null,
        null,
        null,
        null,
        null,
        null,
        6,
        null,
        6,
        null,
        6,
        null,
        0,
        null,
        null,
        null
      ],
      "/Users/student/Documents/Projects/Week6/makersbnb-1/MakersBnB/lib/choose_database.rb": [
        1,
        null,
        90,
        90,
        null,
        0,
        null,
        null,
        null
      ],
      "/Users/student/Documents/Projects/Week6/makersbnb-1/MakersBnB/lib/user.rb": [
        1,
        1,
        1,
        null,
        1,
        null,
        1,
        null,
        1,
        26,
        26,
        26,
        null,
        null,
        1,
        14,
        14,
        1,
        null,
        13,
        1,
        null,
        null,
        12,
        12,
        null,
        0,
        null,
        null,
        null,
        null,
        1,
        0,
        0,
        0,
        0,
        null,
        null,
        null,
        1,
        null,
        9,
        9,
        9,
        null,
        1,
        null,
        null,
        null,
        1,
        6,
        6,
        6,
        null,
        null,
        1,
        5,
        5,
        5,
        4,
        null,
        null,
        null,
        null,
        null,
        null,
        null,
        null,
        null,
        null,
        null,
        5,
        null,
        null
      ],
      "/Users/student/Documents/Projects/Week6/makersbnb-1/MakersBnB/lib/request.rb": [
        1,
        null,
        1,
        null,
        1,
        24,
        24,
        24,
        24,
        24,
        24,
        null,
        null,
        1,
        7,
        7,
        null,
        null,
        null,
        null,
        7,
        7,
        null,
        null,
        null,
        null,
        null,
        7,
        null,
        null,
        1,
        3,
        3,
        3,
        3,
        2,
        null,
        null,
        null,
        null,
        null,
        null,
        null,
        3,
        null,
        null,
        1,
        7,
        7,
        7,
        7,
        2,
        null,
        null,
        null,
        null,
        null,
        null,
        null,
        7,
        null,
        null,
        1,
        7,
        7,
        7,
        7,
        4,
        null,
        null,
        null,
        null,
        null,
        null,
        null,
        7,
        null,
        null,
        1,
        2,
        2,
        2,
        null,
        null,
        1,
        0,
        0,
        0,
        null,
        null,
        1,
        4,
        4,
        4,
        4,
        2,
        null,
        null,
        null,
        null,
        null,
        null,
        null,
        4,
        null,
        null,
        null
      ],
      "/Users/student/Documents/Projects/Week6/makersbnb-1/MakersBnB/spec/features/create_account_spec.rb": [
        1,
        null,
        1,
        1,
        1,
        1,
        null,
        null,
        1,
        1,
        1,
        null,
        null,
        1,
        1,
        1,
        1,
        1,
        1,
        1,
        1,
        null,
        null,
        1,
        1,
        1,
        1,
        1,
        1,
        1,
        1,
        null,
        null,
        null
      ],
      "/Users/student/Documents/Projects/Week6/makersbnb-1/MakersBnB/spec/features/create_listings_spec.rb": [
        1,
        1,
        1,
        1,
        1,
        1,
        1,
        1,
        1,
        1,
        1,
        1,
        1,
        1,
        1,
        1,
        1,
        1,
        1,
        null,
        null
      ],
      "/Users/student/Documents/Projects/Week6/makersbnb-1/MakersBnB/spec/features/show_unavailable_dates_spec.rb": [
        null,
        null,
        null,
        null,
        null,
        null,
        null,
        null,
        null,
        null,
        null,
        null,
        null,
        null,
        null,
        1,
        1,
        1,
        1,
        1,
        1,
        1,
        1,
        1,
        1,
        1,
        null,
        1,
        null,
        1,
        1,
        1,
        1,
        1,
        1,
        1,
        1,
        1,
        1,
        1,
        null,
        null
      ],
      "/Users/student/Documents/Projects/Week6/makersbnb-1/MakersBnB/spec/features/signing_in_spec.rb": [
        1,
        null,
        1,
        1,
        1,
        1,
        1,
        1,
        null,
        null
      ],
      "/Users/student/Documents/Projects/Week6/makersbnb-1/MakersBnB/spec/features/view_owned_properties_spec.rb": [
        1,
        1,
        1,
        1,
        1,
        1,
        1,
        1,
        null,
        1,
        1,
        1,
        1,
        1,
        1,
        1,
        null,
        null,
        null,
        null,
        null
      ],
      "/Users/student/Documents/Projects/Week6/makersbnb-1/MakersBnB/spec/features/view_profile_spec.rb": [
        1,
        1,
        1,
        1,
        1,
        1,
        1,
        1,
        null,
        null
      ],
      "/Users/student/Documents/Projects/Week6/makersbnb-1/MakersBnB/spec/features/viewing_properties_spec.rb": [
        1,
        null,
        1,
        null,
        1,
        1,
        null,
        null,
        null,
        null,
        null,
        null,
        null,
        null,
        null,
        1,
        1,
        null,
        1,
        null,
        1,
        1,
        null,
        1,
        1,
        1,
        1,
        1,
        1,
        null,
        null,
        null,
        null,
        null,
        null,
        null
      ],
      "/Users/student/Documents/Projects/Week6/makersbnb-1/MakersBnB/spec/property_spec.rb": [
        1,
        null,
        1,
        null,
        2,
        null,
        null,
        null,
        null,
        null,
        null,
        null,
        null,
        null,
        null,
        null,
        1,
        1,
        1,
        1,
        1,
        1,
        1,
        1,
        1,
        1,
        1,
        null,
        null,
        null,
        1,
        1,
        1,
        null,
        null,
        null,
        1,
        1,
        1,
        null,
        null,
        null,
        null,
        null,
        null,
        null,
        null,
        1,
        1,
        null,
        null,
        null,
        null
      ],
      "/Users/student/Documents/Projects/Week6/makersbnb-1/MakersBnB/spec/request_spec.rb": [
        1,
        8,
        null,
        null,
        null,
        null,
        null,
        null,
        1,
        1,
        1,
        1,
        1,
        1,
        1,
        null,
        null,
        1,
        1,
        1,
        null,
        null,
        null,
        null,
        null,
        1,
        1,
        null,
        null,
        null,
        1,
        1,
        1,
        null,
        null,
        null,
        1,
        null,
        1,
        2,
        null,
        null,
        null,
        null,
        null,
        null,
        null,
        1,
        1,
        null,
        null,
        1,
        1,
        1,
        null,
        null,
        null,
        null,
        1,
        null,
        1,
        2,
        null,
        null,
        null,
        null,
        null,
        null,
        null,
        1,
        1,
        null,
        null,
        1,
        1,
        1,
        null,
        null,
        null,
        null,
        null,
        1,
        1,
        1,
        null,
        null,
        null,
        null,
        null,
        1,
        null,
        null,
        null,
        null,
        1,
        1,
        null,
        null,
        null,
        null
      ],
      "/Users/student/Documents/Projects/Week6/makersbnb-1/MakersBnB/spec/user_spec.rb": [
        1,
        null,
        null,
        1,
        null,
        null,
        null,
        1,
        1,
        1,
        1,
        1,
        1,
        1,
        1,
        null,
        null,
        null,
        null,
        1,
        1,
        1,
        1,
        1,
        1,
        null,
        null,
        null,
        1,
        1,
        1,
        1,
        null,
        null,
        null,
        null,
        null,
        null,
        null,
        null,
        1,
        1,
        null,
        null,
        null,
        null,
        null
      ]
    },
    "timestamp": 1571933290
  }
}
